  [1m[35m (2285.3ms)[0m  [1m[35mCREATE TABLE `schema_migrations` (`version` varchar(255) PRIMARY KEY) ENGINE=InnoDB[0m
  [1m[35m (805.3ms)[0m  [1m[35mCREATE TABLE `ar_internal_metadata` (`key` varchar(255) PRIMARY KEY, `value` varchar(255), `created_at` datetime NOT NULL, `updated_at` datetime NOT NULL) ENGINE=InnoDB[0m
  [1m[35m (0.5ms)[0m  [1m[34mSELECT DATABASE() as db[0m
  [1m[35m (0.5ms)[0m  [1m[34mSELECT GET_LOCK('518780425822095150', 0);[0m
  [1m[36mActiveRecord::SchemaMigration Load (36.8ms)[0m  [1m[34mSELECT `schema_migrations`.* FROM `schema_migrations`[0m
Migrating to CreatePost (20211222195553)
  [1m[35m (1188.7ms)[0m  [1m[35mCREATE TABLE `posts` (`id` int AUTO_INCREMENT PRIMARY KEY, `title` varchar(255), `description` text, `public_flag` tinyint(1), `created_at` datetime, `updated_at` datetime, `user_name` varchar(255)) ENGINE=InnoDB[0m
  [1m[35m (1.0ms)[0m  [1m[35mBEGIN[0m
  [1m[35mSQL (42.8ms)[0m  [1m[32mINSERT INTO `schema_migrations` (`version`) VALUES ('20211222195553')[0m
  [1m[35m (137.7ms)[0m  [1m[35mCOMMIT[0m
  [1m[36mActiveRecord::InternalMetadata Load (4.2ms)[0m  [1m[34mSELECT  `ar_internal_metadata`.* FROM `ar_internal_metadata` WHERE `ar_internal_metadata`.`key` = 'environment' LIMIT 1[0m
  [1m[35m (0.9ms)[0m  [1m[35mBEGIN[0m
  [1m[35mSQL (4.6ms)[0m  [1m[32mINSERT INTO `ar_internal_metadata` (`key`, `value`, `created_at`, `updated_at`) VALUES ('environment', 'development', '2021-12-22 19:57:33', '2021-12-22 19:57:33')[0m
  [1m[35m (111.1ms)[0m  [1m[35mCOMMIT[0m
  [1m[35m (1.3ms)[0m  [1m[34mSELECT RELEASE_LOCK('518780425822095150')[0m
  [1m[36mActiveRecord::SchemaMigration Load (1.2ms)[0m  [1m[34mSELECT `schema_migrations`.* FROM `schema_migrations`[0m
  [1m[35m (1.6ms)[0m  [1m[35mSHOW CREATE TABLE `posts`[0m
  [1m[35m (29.6ms)[0m  [1m[35mSHOW TABLE STATUS LIKE 'posts'[0m
Started GET "/" for ::1 at 2021-12-23 02:30:56 +0630
  [1m[36mActiveRecord::SchemaMigration Load (0.7ms)[0m  [1m[34mSELECT `schema_migrations`.* FROM `schema_migrations`[0m
Processing by Rails::WelcomeController#index as HTML
  Parameters: {"internal"=>true}
  Rendering C:/Ruby26-x64/lib/ruby/gems/2.6.0/gems/railties-5.0.7.2/lib/rails/templates/rails/welcome/index.html.erb
  Rendered C:/Ruby26-x64/lib/ruby/gems/2.6.0/gems/railties-5.0.7.2/lib/rails/templates/rails/welcome/index.html.erb (6.4ms)
Completed 200 OK in 36ms (Views: 21.3ms | ActiveRecord: 0.0ms)


Started GET "/posts" for ::1 at 2021-12-23 02:31:04 +0630
  
ActionController::RoutingError (No route matches [GET] "/posts"):
  
actionpack (5.0.7.2) lib/action_dispatch/middleware/debug_exceptions.rb:53:in `call'
web-console (3.7.0) lib/web_console/middleware.rb:135:in `call_app'
web-console (3.7.0) lib/web_console/middleware.rb:30:in `block in call'
web-console (3.7.0) lib/web_console/middleware.rb:20:in `catch'
web-console (3.7.0) lib/web_console/middleware.rb:20:in `call'
actionpack (5.0.7.2) lib/action_dispatch/middleware/show_exceptions.rb:31:in `call'
railties (5.0.7.2) lib/rails/rack/logger.rb:36:in `call_app'
railties (5.0.7.2) lib/rails/rack/logger.rb:24:in `block in call'
activesupport (5.0.7.2) lib/active_support/tagged_logging.rb:69:in `block in tagged'
activesupport (5.0.7.2) lib/active_support/tagged_logging.rb:26:in `tagged'
activesupport (5.0.7.2) lib/active_support/tagged_logging.rb:69:in `tagged'
railties (5.0.7.2) lib/rails/rack/logger.rb:24:in `call'
sprockets-rails (3.2.2) lib/sprockets/rails/quiet_assets.rb:13:in `call'
actionpack (5.0.7.2) lib/action_dispatch/middleware/request_id.rb:24:in `call'
rack (2.2.3) lib/rack/method_override.rb:24:in `call'
rack (2.2.3) lib/rack/runtime.rb:22:in `call'
activesupport (5.0.7.2) lib/active_support/cache/strategy/local_cache_middleware.rb:28:in `call'
actionpack (5.0.7.2) lib/action_dispatch/middleware/executor.rb:12:in `call'
actionpack (5.0.7.2) lib/action_dispatch/middleware/static.rb:136:in `call'
rack (2.2.3) lib/rack/sendfile.rb:110:in `call'
railties (5.0.7.2) lib/rails/engine.rb:522:in `call'
puma (3.12.6) lib/puma/configuration.rb:227:in `call'
puma (3.12.6) lib/puma/server.rb:706:in `handle_request'
puma (3.12.6) lib/puma/server.rb:476:in `process_client'
puma (3.12.6) lib/puma/server.rb:334:in `block in run'
puma (3.12.6) lib/puma/thread_pool.rb:135:in `block in spawn_thread'
  Rendering C:/Ruby26-x64/lib/ruby/gems/2.6.0/gems/actionpack-5.0.7.2/lib/action_dispatch/middleware/templates/rescues/routing_error.html.erb within rescues/layout
  Rendering C:/Ruby26-x64/lib/ruby/gems/2.6.0/gems/actionpack-5.0.7.2/lib/action_dispatch/middleware/templates/rescues/_trace.html.erb
  Rendered C:/Ruby26-x64/lib/ruby/gems/2.6.0/gems/actionpack-5.0.7.2/lib/action_dispatch/middleware/templates/rescues/_trace.html.erb (4.6ms)
  Rendered collection of C:/Ruby26-x64/lib/ruby/gems/2.6.0/gems/actionpack-5.0.7.2/lib/action_dispatch/middleware/templates/routes/_route.html.erb [9 times] (5.6ms)
  Rendered C:/Ruby26-x64/lib/ruby/gems/2.6.0/gems/actionpack-5.0.7.2/lib/action_dispatch/middleware/templates/routes/_table.html.erb (28.4ms)
  Rendering C:/Ruby26-x64/lib/ruby/gems/2.6.0/gems/actionpack-5.0.7.2/lib/action_dispatch/middleware/templates/rescues/_request_and_response.html.erb
  Rendered C:/Ruby26-x64/lib/ruby/gems/2.6.0/gems/actionpack-5.0.7.2/lib/action_dispatch/middleware/templates/rescues/_request_and_response.html.erb (2.9ms)
  Rendered C:/Ruby26-x64/lib/ruby/gems/2.6.0/gems/actionpack-5.0.7.2/lib/action_dispatch/middleware/templates/rescues/routing_error.html.erb within rescues/layout (120.6ms)
Started GET "/post" for ::1 at 2021-12-23 02:31:12 +0630
  
ActionController::RoutingError (uninitialized constant PostController):
  
activesupport (5.0.7.2) lib/active_support/inflector/methods.rb:268:in `const_get'
activesupport (5.0.7.2) lib/active_support/inflector/methods.rb:268:in `block in constantize'
activesupport (5.0.7.2) lib/active_support/inflector/methods.rb:266:in `each'
activesupport (5.0.7.2) lib/active_support/inflector/methods.rb:266:in `inject'
activesupport (5.0.7.2) lib/active_support/inflector/methods.rb:266:in `constantize'
actionpack (5.0.7.2) lib/action_dispatch/http/request.rb:81:in `controller_class'
actionpack (5.0.7.2) lib/action_dispatch/routing/route_set.rb:44:in `controller'
actionpack (5.0.7.2) lib/action_dispatch/routing/route_set.rb:30:in `serve'
actionpack (5.0.7.2) lib/action_dispatch/journey/router.rb:39:in `block in serve'
actionpack (5.0.7.2) lib/action_dispatch/journey/router.rb:26:in `each'
actionpack (5.0.7.2) lib/action_dispatch/journey/router.rb:26:in `serve'
actionpack (5.0.7.2) lib/action_dispatch/routing/route_set.rb:727:in `call'
rack (2.2.3) lib/rack/etag.rb:27:in `call'
rack (2.2.3) lib/rack/conditional_get.rb:27:in `call'
rack (2.2.3) lib/rack/head.rb:12:in `call'
rack (2.2.3) lib/rack/session/abstract/id.rb:266:in `context'
rack (2.2.3) lib/rack/session/abstract/id.rb:260:in `call'
actionpack (5.0.7.2) lib/action_dispatch/middleware/cookies.rb:613:in `call'
activerecord (5.0.7.2) lib/active_record/migration.rb:553:in `call'
actionpack (5.0.7.2) lib/action_dispatch/middleware/callbacks.rb:38:in `block in call'
activesupport (5.0.7.2) lib/active_support/callbacks.rb:97:in `__run_callbacks__'
activesupport (5.0.7.2) lib/active_support/callbacks.rb:750:in `_run_call_callbacks'
activesupport (5.0.7.2) lib/active_support/callbacks.rb:90:in `run_callbacks'
actionpack (5.0.7.2) lib/action_dispatch/middleware/callbacks.rb:36:in `call'
actionpack (5.0.7.2) lib/action_dispatch/middleware/executor.rb:12:in `call'
actionpack (5.0.7.2) lib/action_dispatch/middleware/remote_ip.rb:79:in `call'
actionpack (5.0.7.2) lib/action_dispatch/middleware/debug_exceptions.rb:49:in `call'
web-console (3.7.0) lib/web_console/middleware.rb:135:in `call_app'
web-console (3.7.0) lib/web_console/middleware.rb:30:in `block in call'
web-console (3.7.0) lib/web_console/middleware.rb:20:in `catch'
web-console (3.7.0) lib/web_console/middleware.rb:20:in `call'
actionpack (5.0.7.2) lib/action_dispatch/middleware/show_exceptions.rb:31:in `call'
railties (5.0.7.2) lib/rails/rack/logger.rb:36:in `call_app'
railties (5.0.7.2) lib/rails/rack/logger.rb:24:in `block in call'
activesupport (5.0.7.2) lib/active_support/tagged_logging.rb:69:in `block in tagged'
activesupport (5.0.7.2) lib/active_support/tagged_logging.rb:26:in `tagged'
activesupport (5.0.7.2) lib/active_support/tagged_logging.rb:69:in `tagged'
railties (5.0.7.2) lib/rails/rack/logger.rb:24:in `call'
sprockets-rails (3.2.2) lib/sprockets/rails/quiet_assets.rb:13:in `call'
actionpack (5.0.7.2) lib/action_dispatch/middleware/request_id.rb:24:in `call'
rack (2.2.3) lib/rack/method_override.rb:24:in `call'
rack (2.2.3) lib/rack/runtime.rb:22:in `call'
activesupport (5.0.7.2) lib/active_support/cache/strategy/local_cache_middleware.rb:28:in `call'
actionpack (5.0.7.2) lib/action_dispatch/middleware/executor.rb:12:in `call'
actionpack (5.0.7.2) lib/action_dispatch/middleware/static.rb:136:in `call'
rack (2.2.3) lib/rack/sendfile.rb:110:in `call'
railties (5.0.7.2) lib/rails/engine.rb:522:in `call'
puma (3.12.6) lib/puma/configuration.rb:227:in `call'
puma (3.12.6) lib/puma/server.rb:706:in `handle_request'
puma (3.12.6) lib/puma/server.rb:476:in `process_client'
puma (3.12.6) lib/puma/server.rb:334:in `block in run'
puma (3.12.6) lib/puma/thread_pool.rb:135:in `block in spawn_thread'
  Rendering C:/Ruby26-x64/lib/ruby/gems/2.6.0/gems/actionpack-5.0.7.2/lib/action_dispatch/middleware/templates/rescues/routing_error.html.erb within rescues/layout
  Rendering C:/Ruby26-x64/lib/ruby/gems/2.6.0/gems/actionpack-5.0.7.2/lib/action_dispatch/middleware/templates/rescues/_trace.html.erb
  Rendered C:/Ruby26-x64/lib/ruby/gems/2.6.0/gems/actionpack-5.0.7.2/lib/action_dispatch/middleware/templates/rescues/_trace.html.erb (1.2ms)
  Rendered collection of C:/Ruby26-x64/lib/ruby/gems/2.6.0/gems/actionpack-5.0.7.2/lib/action_dispatch/middleware/templates/routes/_route.html.erb [9 times] (2.4ms)
  Rendered C:/Ruby26-x64/lib/ruby/gems/2.6.0/gems/actionpack-5.0.7.2/lib/action_dispatch/middleware/templates/routes/_table.html.erb (2.1ms)
  Rendering C:/Ruby26-x64/lib/ruby/gems/2.6.0/gems/actionpack-5.0.7.2/lib/action_dispatch/middleware/templates/rescues/_request_and_response.html.erb
  Rendered C:/Ruby26-x64/lib/ruby/gems/2.6.0/gems/actionpack-5.0.7.2/lib/action_dispatch/middleware/templates/rescues/_request_and_response.html.erb (1.0ms)
  Rendered C:/Ruby26-x64/lib/ruby/gems/2.6.0/gems/actionpack-5.0.7.2/lib/action_dispatch/middleware/templates/rescues/routing_error.html.erb within rescues/layout (73.8ms)
Started GET "/posts" for ::1 at 2021-12-23 02:32:11 +0630
Processing by PostsController#index as HTML
  Rendering posts/index.html.erb within layouts/application
  [1m[36mPost Load (0.8ms)[0m  [1m[34mSELECT `posts`.* FROM `posts`[0m
  Rendered posts/index.html.erb within layouts/application (5.3ms)
Completed 200 OK in 576ms (Views: 561.7ms | ActiveRecord: 2.8ms)


Started GET "/posts/new" for ::1 at 2021-12-23 02:32:27 +0630
Processing by PostsController#new as HTML
  Rendering posts/new.html.erb within layouts/application
  Rendered posts/_form.html.erb (22.0ms)
  Rendered posts/new.html.erb within layouts/application (25.4ms)
Completed 200 OK in 72ms (Views: 60.7ms | ActiveRecord: 4.5ms)


Started GET "/posts" for ::1 at 2021-12-23 02:32:29 +0630
Processing by PostsController#index as HTML
  Rendering posts/index.html.erb within layouts/application
  [1m[36mPost Load (0.6ms)[0m  [1m[34mSELECT `posts`.* FROM `posts`[0m
  Rendered posts/index.html.erb within layouts/application (1.9ms)
Completed 200 OK in 43ms (Views: 40.2ms | ActiveRecord: 0.6ms)


Started GET "/posts" for ::1 at 2021-12-23 02:36:00 +0630
Processing by PostsController#index as HTML
  Rendering posts/index.html.erb within layouts/application
  [1m[36mPost Load (0.9ms)[0m  [1m[34mSELECT `posts`.* FROM `posts`[0m
  Rendered posts/index.html.erb within layouts/application (2.9ms)
Completed 200 OK in 47ms (Views: 44.0ms | ActiveRecord: 0.9ms)


Started GET "/posts/new" for ::1 at 2021-12-23 02:36:02 +0630
Processing by PostsController#new as HTML
  Rendering posts/new.html.erb within layouts/application
  Rendered posts/_form.html.erb (1.4ms)
  Rendered posts/new.html.erb within layouts/application (4.4ms)
Completed 200 OK in 52ms (Views: 49.4ms | ActiveRecord: 0.0ms)


Started POST "/posts" for ::1 at 2021-12-23 02:36:05 +0630
Processing by PostsController#create as HTML
  Parameters: {"utf8"=>"✓", "authenticity_token"=>"Kg1v+Wt4Brx2q32KLsSQiCMsxY2SvRPwZo/+Fqpw5tyHGu+QcxapTyeByh7aZHro0gxsRWalf1YzSCPQ6YHDIg==", "commit"=>"Create Post"}
  [1m[35m (0.4ms)[0m  [1m[35mBEGIN[0m
  [1m[35mSQL (7.4ms)[0m  [1m[32mINSERT INTO `posts` (`created_at`, `updated_at`) VALUES ('2021-12-22 20:06:05', '2021-12-22 20:06:05')[0m
  [1m[35m (67.7ms)[0m  [1m[35mCOMMIT[0m
Redirected to http://localhost:3000/posts/1
Completed 302 Found in 80ms (ActiveRecord: 75.5ms)


Started GET "/posts/1" for ::1 at 2021-12-23 02:36:05 +0630
Processing by PostsController#show as HTML
  Parameters: {"id"=>"1"}
  [1m[36mPost Load (0.6ms)[0m  [1m[34mSELECT  `posts`.* FROM `posts` WHERE `posts`.`id` = 1 LIMIT 1[0m
  Rendering posts/show.html.erb within layouts/application
  Rendered posts/show.html.erb within layouts/application (11.7ms)
Completed 500 Internal Server Error in 35ms (ActiveRecord: 0.6ms)


  
ActionView::Template::Error (undefined method `updated' for #<Post:0x000002be7ba00a00>
Did you mean?  update
               update!):
    3: <h1><%= @post.description %></h1>
    4: <h1><%= @post.public_flag %></h1>
    5: <h1><%= @post.created_at %></h1>
    6: <h1><%= @post.updated-at %></h1>
    7: <h1><%= @post.user_name %></h1>
    8: <%= link_to 'Edit', edit_post_path(@post) %> |
    9: <%= link_to 'Back', posts_path %>
  
app/views/posts/show.html.erb:6:in `_app_views_posts_show_html_erb__1027829592_1508570585720'
  Rendering C:/Ruby26-x64/lib/ruby/gems/2.6.0/gems/actionpack-5.0.7.2/lib/action_dispatch/middleware/templates/rescues/template_error.html.erb within rescues/layout
  Rendering C:/Ruby26-x64/lib/ruby/gems/2.6.0/gems/actionpack-5.0.7.2/lib/action_dispatch/middleware/templates/rescues/_source.html.erb
  Rendered C:/Ruby26-x64/lib/ruby/gems/2.6.0/gems/actionpack-5.0.7.2/lib/action_dispatch/middleware/templates/rescues/_source.html.erb (3.9ms)
  Rendering C:/Ruby26-x64/lib/ruby/gems/2.6.0/gems/actionpack-5.0.7.2/lib/action_dispatch/middleware/templates/rescues/_trace.html.erb
  Rendered C:/Ruby26-x64/lib/ruby/gems/2.6.0/gems/actionpack-5.0.7.2/lib/action_dispatch/middleware/templates/rescues/_trace.html.erb (1.7ms)
  Rendering C:/Ruby26-x64/lib/ruby/gems/2.6.0/gems/actionpack-5.0.7.2/lib/action_dispatch/middleware/templates/rescues/_request_and_response.html.erb
  Rendered C:/Ruby26-x64/lib/ruby/gems/2.6.0/gems/actionpack-5.0.7.2/lib/action_dispatch/middleware/templates/rescues/_request_and_response.html.erb (1.4ms)
  Rendered C:/Ruby26-x64/lib/ruby/gems/2.6.0/gems/actionpack-5.0.7.2/lib/action_dispatch/middleware/templates/rescues/template_error.html.erb within rescues/layout (58.1ms)
Started GET "/posts/1" for ::1 at 2021-12-23 02:36:20 +0630
Processing by PostsController#show as HTML
  Parameters: {"id"=>"1"}
  [1m[36mPost Load (0.6ms)[0m  [1m[34mSELECT  `posts`.* FROM `posts` WHERE `posts`.`id` = 1 LIMIT 1[0m
  Rendering posts/show.html.erb within layouts/application
  Rendered posts/show.html.erb within layouts/application (1.0ms)
Completed 200 OK in 46ms (Views: 41.8ms | ActiveRecord: 0.6ms)


Started GET "/posts/1/edit" for ::1 at 2021-12-23 02:36:30 +0630
Processing by PostsController#edit as HTML
  Parameters: {"id"=>"1"}
  [1m[36mPost Load (0.6ms)[0m  [1m[34mSELECT  `posts`.* FROM `posts` WHERE `posts`.`id` = 1 LIMIT 1[0m
  Rendering posts/edit.html.erb within layouts/application
  Rendered posts/_form.html.erb (1.4ms)
  Rendered posts/edit.html.erb within layouts/application (4.6ms)
Completed 200 OK in 46ms (Views: 42.8ms | ActiveRecord: 0.6ms)


Started GET "/posts/1" for ::1 at 2021-12-23 02:36:32 +0630
Processing by PostsController#show as HTML
  Parameters: {"id"=>"1"}
  [1m[36mPost Load (0.6ms)[0m  [1m[34mSELECT  `posts`.* FROM `posts` WHERE `posts`.`id` = 1 LIMIT 1[0m
  Rendering posts/show.html.erb within layouts/application
  Rendered posts/show.html.erb within layouts/application (1.3ms)
Completed 200 OK in 47ms (Views: 43.5ms | ActiveRecord: 0.6ms)


Started GET "/posts/1/edit" for ::1 at 2021-12-23 02:36:35 +0630
Processing by PostsController#edit as HTML
  Parameters: {"id"=>"1"}
  [1m[36mPost Load (0.5ms)[0m  [1m[34mSELECT  `posts`.* FROM `posts` WHERE `posts`.`id` = 1 LIMIT 1[0m
  Rendering posts/edit.html.erb within layouts/application
  Rendered posts/_form.html.erb (1.3ms)
  Rendered posts/edit.html.erb within layouts/application (3.6ms)
Completed 200 OK in 42ms (Views: 39.1ms | ActiveRecord: 0.5ms)


Started GET "/posts" for ::1 at 2021-12-23 02:36:38 +0630
Processing by PostsController#index as HTML
  Rendering posts/index.html.erb within layouts/application
  [1m[36mPost Load (0.6ms)[0m  [1m[34mSELECT `posts`.* FROM `posts`[0m
  Rendered posts/index.html.erb within layouts/application (2.4ms)
Completed 200 OK in 58ms (Views: 53.7ms | ActiveRecord: 0.6ms)


Started GET "/posts/new" for ::1 at 2021-12-23 02:36:40 +0630
Processing by PostsController#new as HTML
  Rendering posts/new.html.erb within layouts/application
  Rendered posts/_form.html.erb (1.2ms)
  Rendered posts/new.html.erb within layouts/application (3.6ms)
Completed 200 OK in 43ms (Views: 40.4ms | ActiveRecord: 0.0ms)


Started POST "/posts" for ::1 at 2021-12-23 02:36:41 +0630
Processing by PostsController#create as HTML
  Parameters: {"utf8"=>"✓", "authenticity_token"=>"YP08rZROTujdAZZnh0UV9ndcVmXz4asormI2FPxsC8rN6rzEjCDhG4wrIfNz5f+Whnz/rQf5x477pevSv50uNA==", "commit"=>"Create Post"}
  [1m[35m (0.4ms)[0m  [1m[35mBEGIN[0m
  [1m[35mSQL (10.6ms)[0m  [1m[32mINSERT INTO `posts` (`created_at`, `updated_at`) VALUES ('2021-12-22 20:06:41', '2021-12-22 20:06:41')[0m
  [1m[35m (93.3ms)[0m  [1m[35mCOMMIT[0m
Redirected to http://localhost:3000/posts/2
Completed 302 Found in 109ms (ActiveRecord: 104.3ms)


Started GET "/posts/2" for ::1 at 2021-12-23 02:36:41 +0630
Processing by PostsController#show as HTML
  Parameters: {"id"=>"2"}
  [1m[36mPost Load (0.5ms)[0m  [1m[34mSELECT  `posts`.* FROM `posts` WHERE `posts`.`id` = 2 LIMIT 1[0m
  Rendering posts/show.html.erb within layouts/application
  Rendered posts/show.html.erb within layouts/application (1.4ms)
Completed 200 OK in 50ms (Views: 46.3ms | ActiveRecord: 0.5ms)


Started GET "/posts" for ::1 at 2021-12-23 02:38:13 +0630
Processing by PostsController#index as HTML
  Rendering posts/index.html.erb within layouts/application
  [1m[36mPost Load (0.7ms)[0m  [1m[34mSELECT `posts`.* FROM `posts`[0m
  Rendered posts/index.html.erb within layouts/application (3.1ms)
Completed 200 OK in 46ms (Views: 43.2ms | ActiveRecord: 0.7ms)


Started DELETE "/posts/1" for ::1 at 2021-12-23 02:38:20 +0630
Processing by PostsController#destroy as HTML
  Parameters: {"authenticity_token"=>"uICZqowuAkSEf4lbeg4qDedSfXeQI2FiNy6uzCLElR+sxEwiy4TimiAjr3eY/O7EEhlY0EE8SeF/f2KwGodlfQ==", "id"=>"1"}
  [1m[36mPost Load (1.2ms)[0m  [1m[34mSELECT  `posts`.* FROM `posts` WHERE `posts`.`id` = 1 LIMIT 1[0m
  [1m[35m (0.5ms)[0m  [1m[35mBEGIN[0m
  [1m[35mSQL (47.1ms)[0m  [1m[31mDELETE FROM `posts` WHERE `posts`.`id` = 1[0m
  [1m[35m (93.0ms)[0m  [1m[35mCOMMIT[0m
Redirected to http://localhost:3000/posts
Completed 302 Found in 147ms (ActiveRecord: 141.8ms)


Started GET "/posts" for ::1 at 2021-12-23 02:38:21 +0630
Processing by PostsController#index as HTML
  Rendering posts/index.html.erb within layouts/application
  [1m[36mPost Load (0.6ms)[0m  [1m[34mSELECT `posts`.* FROM `posts`[0m
  Rendered posts/index.html.erb within layouts/application (2.5ms)
Completed 200 OK in 46ms (Views: 42.2ms | ActiveRecord: 0.6ms)


Started GET "/posts/new" for ::1 at 2021-12-23 02:38:26 +0630
Processing by PostsController#new as HTML
  Rendering posts/new.html.erb within layouts/application
  Rendered posts/_form.html.erb (2.2ms)
  Rendered posts/new.html.erb within layouts/application (5.3ms)
Completed 200 OK in 47ms (Views: 45.0ms | ActiveRecord: 0.0ms)


Started POST "/posts" for ::1 at 2021-12-23 02:38:28 +0630
Processing by PostsController#create as HTML
  Parameters: {"utf8"=>"✓", "authenticity_token"=>"a7D8Rb+4Hsr9lnRuzkKMVLe8smapu79WFP5+ycgkmEDGp3wsp9axOay8w/o64mY0Rpwbrl2j0/BBOaMPi9W9vg==", "commit"=>"Create Post"}
  [1m[35m (0.7ms)[0m  [1m[35mBEGIN[0m
  [1m[35mSQL (31.5ms)[0m  [1m[32mINSERT INTO `posts` (`created_at`, `updated_at`) VALUES ('2021-12-22 20:08:28', '2021-12-22 20:08:28')[0m
  [1m[35m (142.6ms)[0m  [1m[35mCOMMIT[0m
Redirected to http://localhost:3000/posts/3
Completed 302 Found in 179ms (ActiveRecord: 174.8ms)


Started GET "/posts/3" for ::1 at 2021-12-23 02:38:28 +0630
Processing by PostsController#show as HTML
  Parameters: {"id"=>"3"}
  [1m[36mPost Load (0.8ms)[0m  [1m[34mSELECT  `posts`.* FROM `posts` WHERE `posts`.`id` = 3 LIMIT 1[0m
  Rendering posts/show.html.erb within layouts/application
  Rendered posts/show.html.erb within layouts/application (1.2ms)
Completed 200 OK in 53ms (Views: 46.4ms | ActiveRecord: 0.8ms)


Started GET "/posts/3/edit" for ::1 at 2021-12-23 02:38:30 +0630
Processing by PostsController#edit as HTML
  Parameters: {"id"=>"3"}
  [1m[36mPost Load (0.6ms)[0m  [1m[34mSELECT  `posts`.* FROM `posts` WHERE `posts`.`id` = 3 LIMIT 1[0m
  Rendering posts/edit.html.erb within layouts/application
  Rendered posts/_form.html.erb (1.3ms)
  Rendered posts/edit.html.erb within layouts/application (3.8ms)
Completed 200 OK in 59ms (Views: 55.6ms | ActiveRecord: 0.6ms)


Started GET "/posts/3" for ::1 at 2021-12-23 02:38:34 +0630
Processing by PostsController#show as HTML
  Parameters: {"id"=>"3"}
  [1m[36mPost Load (0.6ms)[0m  [1m[34mSELECT  `posts`.* FROM `posts` WHERE `posts`.`id` = 3 LIMIT 1[0m
  Rendering posts/show.html.erb within layouts/application
  Rendered posts/show.html.erb within layouts/application (1.0ms)
Completed 200 OK in 40ms (Views: 36.0ms | ActiveRecord: 0.6ms)


Started GET "/posts" for ::1 at 2021-12-23 02:38:36 +0630
Processing by PostsController#index as HTML
  Rendering posts/index.html.erb within layouts/application
  [1m[36mPost Load (0.5ms)[0m  [1m[34mSELECT `posts`.* FROM `posts`[0m
  Rendered posts/index.html.erb within layouts/application (2.2ms)
Completed 200 OK in 41ms (Views: 38.4ms | ActiveRecord: 0.5ms)


Started GET "/posts/2" for ::1 at 2021-12-23 02:38:38 +0630
Processing by PostsController#show as HTML
  Parameters: {"id"=>"2"}
  [1m[36mPost Load (0.5ms)[0m  [1m[34mSELECT  `posts`.* FROM `posts` WHERE `posts`.`id` = 2 LIMIT 1[0m
  Rendering posts/show.html.erb within layouts/application
  Rendered posts/show.html.erb within layouts/application (1.0ms)
Completed 200 OK in 43ms (Views: 39.5ms | ActiveRecord: 0.5ms)


Started GET "/posts" for ::1 at 2021-12-23 02:38:41 +0630
Processing by PostsController#index as HTML
  Rendering posts/index.html.erb within layouts/application
  [1m[36mPost Load (0.6ms)[0m  [1m[34mSELECT `posts`.* FROM `posts`[0m
  Rendered posts/index.html.erb within layouts/application (2.7ms)
Completed 200 OK in 52ms (Views: 48.7ms | ActiveRecord: 0.6ms)


Started DELETE "/posts/2" for ::1 at 2021-12-23 02:38:44 +0630
Processing by PostsController#destroy as HTML
  Parameters: {"authenticity_token"=>"CO7kdR6iRrkJbMKcG7lwO4kvEN2lfgDC818cgA2fHQwcqjH9WQimZ60w5LD5S7TyfGQ1enRhKEG7DtD8Ndztbg==", "id"=>"2"}
  [1m[36mPost Load (0.6ms)[0m  [1m[34mSELECT  `posts`.* FROM `posts` WHERE `posts`.`id` = 2 LIMIT 1[0m
  [1m[35m (0.3ms)[0m  [1m[35mBEGIN[0m
  [1m[35mSQL (0.6ms)[0m  [1m[31mDELETE FROM `posts` WHERE `posts`.`id` = 2[0m
  [1m[35m (66.6ms)[0m  [1m[35mCOMMIT[0m
Redirected to http://localhost:3000/posts
Completed 302 Found in 71ms (ActiveRecord: 68.1ms)


Started GET "/posts" for ::1 at 2021-12-23 02:38:44 +0630
Processing by PostsController#index as HTML
  Rendering posts/index.html.erb within layouts/application
  [1m[36mPost Load (0.5ms)[0m  [1m[34mSELECT `posts`.* FROM `posts`[0m
  Rendered posts/index.html.erb within layouts/application (2.0ms)
Completed 200 OK in 53ms (Views: 49.3ms | ActiveRecord: 0.5ms)


Started GET "/posts/3/edit" for ::1 at 2021-12-23 02:38:46 +0630
Processing by PostsController#edit as HTML
  Parameters: {"id"=>"3"}
  [1m[36mPost Load (30.4ms)[0m  [1m[34mSELECT  `posts`.* FROM `posts` WHERE `posts`.`id` = 3 LIMIT 1[0m
  Rendering posts/edit.html.erb within layouts/application
  Rendered posts/_form.html.erb (1.3ms)
  Rendered posts/edit.html.erb within layouts/application (3.7ms)
Completed 200 OK in 88ms (Views: 54.9ms | ActiveRecord: 30.4ms)


Started GET "/posts/3/edit" for ::1 at 2021-12-23 02:39:37 +0630
Processing by PostsController#edit as HTML
  Parameters: {"id"=>"3"}
  [1m[36mPost Load (0.7ms)[0m  [1m[34mSELECT  `posts`.* FROM `posts` WHERE `posts`.`id` = 3 LIMIT 1[0m
  Rendering posts/edit.html.erb within layouts/application
  Rendered posts/_form.html.erb (1.5ms)
  Rendered posts/edit.html.erb within layouts/application (4.1ms)
Completed 200 OK in 46ms (Views: 41.9ms | ActiveRecord: 0.7ms)


Started GET "/posts/3/edit" for ::1 at 2021-12-23 02:39:39 +0630
Processing by PostsController#edit as HTML
  Parameters: {"id"=>"3"}
  [1m[36mPost Load (0.6ms)[0m  [1m[34mSELECT  `posts`.* FROM `posts` WHERE `posts`.`id` = 3 LIMIT 1[0m
  Rendering posts/edit.html.erb within layouts/application
  Rendered posts/_form.html.erb (2.3ms)
  Rendered posts/edit.html.erb within layouts/application (6.1ms)
Completed 200 OK in 63ms (Views: 58.8ms | ActiveRecord: 0.6ms)


Started PATCH "/posts/3" for ::1 at 2021-12-23 02:39:41 +0630
Processing by PostsController#update as HTML
  Parameters: {"utf8"=>"✓", "authenticity_token"=>"fDUk9pF9dXAvPAgBQB3ikGWPAdloVTVwZ0uaDM1OFoJocfF+1teVrotgLi2i7yZZkMQkfrlKHfMvGlZw9Q3m4A==", "commit"=>"Update Post", "id"=>"3"}
  [1m[36mPost Load (0.5ms)[0m  [1m[34mSELECT  `posts`.* FROM `posts` WHERE `posts`.`id` = 3 LIMIT 1[0m
  [1m[35m (0.3ms)[0m  [1m[35mBEGIN[0m
  [1m[35m (0.3ms)[0m  [1m[35mCOMMIT[0m
Redirected to http://localhost:3000/posts/3
Completed 302 Found in 4ms (ActiveRecord: 1.1ms)


Started GET "/posts/3" for ::1 at 2021-12-23 02:39:41 +0630
Processing by PostsController#show as HTML
  Parameters: {"id"=>"3"}
  [1m[36mPost Load (0.5ms)[0m  [1m[34mSELECT  `posts`.* FROM `posts` WHERE `posts`.`id` = 3 LIMIT 1[0m
  Rendering posts/show.html.erb within layouts/application
  Rendered posts/show.html.erb within layouts/application (0.6ms)
Completed 200 OK in 43ms (Views: 38.4ms | ActiveRecord: 0.5ms)


Started GET "/posts/3/edit" for ::1 at 2021-12-23 02:39:46 +0630
Processing by PostsController#edit as HTML
  Parameters: {"id"=>"3"}
  [1m[36mPost Load (0.5ms)[0m  [1m[34mSELECT  `posts`.* FROM `posts` WHERE `posts`.`id` = 3 LIMIT 1[0m
  Rendering posts/edit.html.erb within layouts/application
  Rendered posts/_form.html.erb (1.2ms)
  Rendered posts/edit.html.erb within layouts/application (3.6ms)
Completed 200 OK in 42ms (Views: 39.0ms | ActiveRecord: 0.5ms)


Started GET "/posts/3" for ::1 at 2021-12-23 02:39:49 +0630
Processing by PostsController#show as HTML
  Parameters: {"id"=>"3"}
  [1m[36mPost Load (0.5ms)[0m  [1m[34mSELECT  `posts`.* FROM `posts` WHERE `posts`.`id` = 3 LIMIT 1[0m
  Rendering posts/show.html.erb within layouts/application
  Rendered posts/show.html.erb within layouts/application (0.6ms)
Completed 200 OK in 39ms (Views: 36.1ms | ActiveRecord: 0.5ms)


Started GET "/posts" for ::1 at 2021-12-23 02:39:51 +0630
Processing by PostsController#index as HTML
  Rendering posts/index.html.erb within layouts/application
  [1m[36mPost Load (0.6ms)[0m  [1m[34mSELECT `posts`.* FROM `posts`[0m
  Rendered posts/index.html.erb within layouts/application (2.3ms)
Completed 200 OK in 41ms (Views: 37.8ms | ActiveRecord: 0.6ms)


Started GET "/posts/3/edit" for ::1 at 2021-12-23 02:39:54 +0630
Processing by PostsController#edit as HTML
  Parameters: {"id"=>"3"}
  [1m[36mPost Load (0.5ms)[0m  [1m[34mSELECT  `posts`.* FROM `posts` WHERE `posts`.`id` = 3 LIMIT 1[0m
  Rendering posts/edit.html.erb within layouts/application
  Rendered posts/_form.html.erb (1.4ms)
  Rendered posts/edit.html.erb within layouts/application (3.8ms)
Completed 200 OK in 60ms (Views: 56.6ms | ActiveRecord: 0.5ms)


Started PATCH "/posts/3" for ::1 at 2021-12-23 02:39:55 +0630
Processing by PostsController#update as HTML
  Parameters: {"utf8"=>"✓", "authenticity_token"=>"1mmaqnX22H46Rl2pIpZdvClwtr+tDoEGg5vI6P0FGDXk6uq/SgWyQX2S2LmgEJ8P/gNNTBuKvdAR/KlQ84Ob4g==", "commit"=>"Update Post", "id"=>"3"}
  [1m[36mPost Load (0.5ms)[0m  [1m[34mSELECT  `posts`.* FROM `posts` WHERE `posts`.`id` = 3 LIMIT 1[0m
  [1m[35m (0.3ms)[0m  [1m[35mBEGIN[0m
  [1m[35m (0.3ms)[0m  [1m[35mCOMMIT[0m
Redirected to http://localhost:3000/posts/3
Completed 302 Found in 4ms (ActiveRecord: 1.1ms)


Started GET "/posts/3" for ::1 at 2021-12-23 02:39:55 +0630
Processing by PostsController#show as HTML
  Parameters: {"id"=>"3"}
  [1m[36mPost Load (0.6ms)[0m  [1m[34mSELECT  `posts`.* FROM `posts` WHERE `posts`.`id` = 3 LIMIT 1[0m
  Rendering posts/show.html.erb within layouts/application
  Rendered posts/show.html.erb within layouts/application (0.7ms)
Completed 200 OK in 43ms (Views: 40.0ms | ActiveRecord: 0.6ms)


Started GET "/posts/3/edit" for ::1 at 2021-12-23 02:39:57 +0630
Processing by PostsController#edit as HTML
  Parameters: {"id"=>"3"}
  [1m[36mPost Load (0.5ms)[0m  [1m[34mSELECT  `posts`.* FROM `posts` WHERE `posts`.`id` = 3 LIMIT 1[0m
  Rendering posts/edit.html.erb within layouts/application
  Rendered posts/_form.html.erb (1.3ms)
  Rendered posts/edit.html.erb within layouts/application (3.6ms)
Completed 200 OK in 49ms (Views: 45.6ms | ActiveRecord: 0.5ms)


Started GET "/posts/3" for ::1 at 2021-12-23 02:39:58 +0630
Processing by PostsController#show as HTML
  Parameters: {"id"=>"3"}
  [1m[36mPost Load (0.5ms)[0m  [1m[34mSELECT  `posts`.* FROM `posts` WHERE `posts`.`id` = 3 LIMIT 1[0m
  Rendering posts/show.html.erb within layouts/application
  Rendered posts/show.html.erb within layouts/application (0.6ms)
Completed 200 OK in 43ms (Views: 38.8ms | ActiveRecord: 0.5ms)


Started GET "/posts/3" for ::1 at 2021-12-23 02:40:12 +0630
Processing by PostsController#show as HTML
  Parameters: {"id"=>"3"}
  [1m[36mPost Load (0.9ms)[0m  [1m[34mSELECT  `posts`.* FROM `posts` WHERE `posts`.`id` = 3 LIMIT 1[0m
  Rendering posts/show.html.erb within layouts/application
  Rendered posts/show.html.erb within layouts/application (1.1ms)
Completed 200 OK in 53ms (Views: 47.4ms | ActiveRecord: 0.9ms)


Started GET "/posts/3" for ::1 at 2021-12-23 02:40:13 +0630
Processing by PostsController#show as HTML
  Parameters: {"id"=>"3"}
  [1m[36mPost Load (0.6ms)[0m  [1m[34mSELECT  `posts`.* FROM `posts` WHERE `posts`.`id` = 3 LIMIT 1[0m
  Rendering posts/show.html.erb within layouts/application
  Rendered posts/show.html.erb within layouts/application (1.4ms)
Completed 200 OK in 47ms (Views: 43.4ms | ActiveRecord: 0.6ms)


Started GET "/posts/3" for ::1 at 2021-12-23 02:40:14 +0630
Processing by PostsController#show as HTML
  Parameters: {"id"=>"3"}
  [1m[36mPost Load (0.6ms)[0m  [1m[34mSELECT  `posts`.* FROM `posts` WHERE `posts`.`id` = 3 LIMIT 1[0m
  Rendering posts/show.html.erb within layouts/application
  Rendered posts/show.html.erb within layouts/application (1.5ms)
Completed 200 OK in 61ms (Views: 57.9ms | ActiveRecord: 0.6ms)


Started GET "/posts/3/edit" for ::1 at 2021-12-23 02:40:21 +0630
Processing by PostsController#edit as HTML
  Parameters: {"id"=>"3"}
  [1m[36mPost Load (0.6ms)[0m  [1m[34mSELECT  `posts`.* FROM `posts` WHERE `posts`.`id` = 3 LIMIT 1[0m
  Rendering posts/edit.html.erb within layouts/application
  Rendered posts/_form.html.erb (1.3ms)
  Rendered posts/edit.html.erb within layouts/application (3.8ms)
Completed 200 OK in 46ms (Views: 42.2ms | ActiveRecord: 0.6ms)


Started PATCH "/posts/3" for ::1 at 2021-12-23 02:40:23 +0630
Processing by PostsController#update as HTML
  Parameters: {"utf8"=>"✓", "authenticity_token"=>"eypL7kPob38VPtV9Dd1B9nkTowihfp77DjbAgNbxYF1JqTv7fBsFQFLqUG2PW4NFrmBY+xf6oi2cUaE42Hfjig==", "commit"=>"Update Post", "id"=>"3"}
  [1m[36mPost Load (0.8ms)[0m  [1m[34mSELECT  `posts`.* FROM `posts` WHERE `posts`.`id` = 3 LIMIT 1[0m
  [1m[35m (0.5ms)[0m  [1m[35mBEGIN[0m
  [1m[35m (0.3ms)[0m  [1m[35mCOMMIT[0m
Redirected to http://localhost:3000/posts/3
Completed 302 Found in 5ms (ActiveRecord: 1.6ms)


Started GET "/posts/3" for ::1 at 2021-12-23 02:40:23 +0630
Processing by PostsController#show as HTML
  Parameters: {"id"=>"3"}
  [1m[36mPost Load (0.6ms)[0m  [1m[34mSELECT  `posts`.* FROM `posts` WHERE `posts`.`id` = 3 LIMIT 1[0m
  Rendering posts/show.html.erb within layouts/application
  Rendered posts/show.html.erb within layouts/application (1.1ms)
Completed 200 OK in 45ms (Views: 41.3ms | ActiveRecord: 0.6ms)


Started GET "/" for ::1 at 2021-12-23 08:05:01 +0630
  [1m[36mActiveRecord::SchemaMigration Load (17.8ms)[0m  [1m[34mSELECT `schema_migrations`.* FROM `schema_migrations`[0m
Processing by Rails::WelcomeController#index as HTML
  Parameters: {"internal"=>true}
  Rendering C:/Ruby26-x64/lib/ruby/gems/2.6.0/gems/railties-5.0.7.2/lib/rails/templates/rails/welcome/index.html.erb
  Rendered C:/Ruby26-x64/lib/ruby/gems/2.6.0/gems/railties-5.0.7.2/lib/rails/templates/rails/welcome/index.html.erb (21.4ms)
Completed 200 OK in 137ms (Views: 57.9ms | ActiveRecord: 0.0ms)


Started GET "/posts" for ::1 at 2021-12-23 08:05:10 +0630
Processing by PostsController#index as HTML
  Rendering posts/index.html.erb within layouts/application
  [1m[36mPost Load (2.2ms)[0m  [1m[34mSELECT `posts`.* FROM `posts`[0m
  Rendered posts/index.html.erb within layouts/application (202.2ms)
Completed 200 OK in 771ms (Views: 648.9ms | ActiveRecord: 105.4ms)


Started GET "/posts/3" for ::1 at 2021-12-23 08:05:15 +0630
Processing by PostsController#show as HTML
  Parameters: {"id"=>"3"}
  [1m[36mPost Load (0.7ms)[0m  [1m[34mSELECT  `posts`.* FROM `posts` WHERE `posts`.`id` = 3 LIMIT 1[0m
  Rendering posts/show.html.erb within layouts/application
  Rendered posts/show.html.erb within layouts/application (1.7ms)
Completed 200 OK in 110ms (Views: 54.7ms | ActiveRecord: 0.7ms)


Started GET "/posts/3" for ::1 at 2021-12-23 08:10:19 +0630
Processing by PostsController#show as HTML
  Parameters: {"id"=>"3"}
  [1m[36mPost Load (0.7ms)[0m  [1m[34mSELECT  `posts`.* FROM `posts` WHERE `posts`.`id` = 3 LIMIT 1[0m
  Rendering posts/show.html.erb within layouts/application
  Rendered posts/show.html.erb within layouts/application (1.6ms)
Completed 200 OK in 72ms (Views: 65.8ms | ActiveRecord: 0.7ms)


Started GET "/posts/3" for ::1 at 2021-12-23 08:10:21 +0630
Processing by PostsController#show as HTML
  Parameters: {"id"=>"3"}
  [1m[36mPost Load (0.7ms)[0m  [1m[34mSELECT  `posts`.* FROM `posts` WHERE `posts`.`id` = 3 LIMIT 1[0m
  Rendering posts/show.html.erb within layouts/application
  Rendered posts/show.html.erb within layouts/application (1.8ms)
Completed 200 OK in 74ms (Views: 67.4ms | ActiveRecord: 0.7ms)


Started GET "/posts/3/edit" for ::1 at 2021-12-23 08:10:22 +0630
Processing by PostsController#edit as HTML
  Parameters: {"id"=>"3"}
  [1m[36mPost Load (0.6ms)[0m  [1m[34mSELECT  `posts`.* FROM `posts` WHERE `posts`.`id` = 3 LIMIT 1[0m
  Rendering posts/edit.html.erb within layouts/application
  Rendered posts/_form.html.erb (86.4ms)
  Rendered posts/edit.html.erb within layouts/application (91.2ms)
Completed 200 OK in 189ms (Views: 185.0ms | ActiveRecord: 0.6ms)


Started PATCH "/posts/3" for ::1 at 2021-12-23 08:10:28 +0630
Processing by PostsController#update as HTML
  Parameters: {"utf8"=>"✓", "authenticity_token"=>"cHlqncwaQ7OnnQ+yZTxoAKFk4XwtPemDIN0Z8j/rqR9iZkxrPsDfwDHrysEIyIIZs79kbtRmsjpR3teUpfpNZQ==", "commit"=>"Update Post", "id"=>"3"}
  [1m[36mPost Load (1.0ms)[0m  [1m[34mSELECT  `posts`.* FROM `posts` WHERE `posts`.`id` = 3 LIMIT 1[0m
  [1m[35m (0.7ms)[0m  [1m[35mBEGIN[0m
  [1m[35m (0.6ms)[0m  [1m[35mCOMMIT[0m
Redirected to http://localhost:3000/posts/3
Completed 302 Found in 9ms (ActiveRecord: 2.3ms)


Started GET "/posts/3" for ::1 at 2021-12-23 08:10:28 +0630
Processing by PostsController#show as HTML
  Parameters: {"id"=>"3"}
  [1m[36mPost Load (0.9ms)[0m  [1m[34mSELECT  `posts`.* FROM `posts` WHERE `posts`.`id` = 3 LIMIT 1[0m
  Rendering posts/show.html.erb within layouts/application
  Rendered posts/show.html.erb within layouts/application (2.2ms)
Completed 200 OK in 141ms (Views: 133.8ms | ActiveRecord: 0.9ms)


Started GET "/posts" for ::1 at 2021-12-23 08:10:30 +0630
Processing by PostsController#index as HTML
  Rendering posts/index.html.erb within layouts/application
  [1m[36mPost Load (0.9ms)[0m  [1m[34mSELECT `posts`.* FROM `posts`[0m
  Rendered posts/index.html.erb within layouts/application (3.9ms)
Completed 200 OK in 63ms (Views: 57.6ms | ActiveRecord: 0.9ms)


Started GET "/posts/3" for ::1 at 2021-12-23 08:10:31 +0630
Processing by PostsController#show as HTML
  Parameters: {"id"=>"3"}
  [1m[36mPost Load (0.7ms)[0m  [1m[34mSELECT  `posts`.* FROM `posts` WHERE `posts`.`id` = 3 LIMIT 1[0m
  Rendering posts/show.html.erb within layouts/application
  Rendered posts/show.html.erb within layouts/application (1.5ms)
Completed 200 OK in 62ms (Views: 58.4ms | ActiveRecord: 0.7ms)


Started GET "/posts" for ::1 at 2021-12-23 08:10:33 +0630
Processing by PostsController#index as HTML
  Rendering posts/index.html.erb within layouts/application
  [1m[36mPost Load (0.7ms)[0m  [1m[34mSELECT `posts`.* FROM `posts`[0m
  Rendered posts/index.html.erb within layouts/application (2.7ms)
Completed 200 OK in 59ms (Views: 56.2ms | ActiveRecord: 0.7ms)


Started GET "/posts/new" for ::1 at 2021-12-23 08:10:34 +0630
Processing by PostsController#new as HTML
  Rendering posts/new.html.erb within layouts/application
  Rendered posts/_form.html.erb (2.9ms)
  Rendered posts/new.html.erb within layouts/application (6.4ms)
Completed 200 OK in 64ms (Views: 61.5ms | ActiveRecord: 0.0ms)


Started POST "/posts" for ::1 at 2021-12-23 08:10:35 +0630
Processing by PostsController#create as HTML
  Parameters: {"utf8"=>"✓", "authenticity_token"=>"7Z8xwqbiJyNnPtLM4RGW3hbi/rILIWaSPlXQTJwYrVwspKjr1zgRZJ73OvyRdw/j71kuCalcL2p86JI99DkUTA==", "commit"=>"Create Post"}
  [1m[35m (0.4ms)[0m  [1m[35mBEGIN[0m
  [1m[35mSQL (26.6ms)[0m  [1m[32mINSERT INTO `posts` (`created_at`, `updated_at`) VALUES ('2021-12-23 01:40:35', '2021-12-23 01:40:35')[0m
  [1m[35m (105.8ms)[0m  [1m[35mCOMMIT[0m
Redirected to http://localhost:3000/posts/4
Completed 302 Found in 142ms (ActiveRecord: 132.8ms)


Started GET "/posts/4" for ::1 at 2021-12-23 08:10:35 +0630
Processing by PostsController#show as HTML
  Parameters: {"id"=>"4"}
  [1m[36mPost Load (1.6ms)[0m  [1m[34mSELECT  `posts`.* FROM `posts` WHERE `posts`.`id` = 4 LIMIT 1[0m
  Rendering posts/show.html.erb within layouts/application
  Rendered posts/show.html.erb within layouts/application (2.5ms)
Completed 200 OK in 87ms (Views: 80.0ms | ActiveRecord: 1.6ms)


Started GET "/posts/4" for ::1 at 2021-12-23 08:15:36 +0630
Processing by PostsController#show as HTML
  Parameters: {"id"=>"4"}
  [1m[36mPost Load (17.0ms)[0m  [1m[34mSELECT  `posts`.* FROM `posts` WHERE `posts`.`id` = 4 LIMIT 1[0m
  Rendering posts/show.html.erb within layouts/application
  Rendered posts/show.html.erb within layouts/application (1.4ms)
Completed 200 OK in 123ms (Views: 101.2ms | ActiveRecord: 17.0ms)


Started GET "/posts" for ::1 at 2021-12-23 08:18:55 +0630
Processing by PostsController#index as HTML
  Rendering posts/index.html.erb within layouts/application
  [1m[36mPost Load (1.3ms)[0m  [1m[34mSELECT `posts`.* FROM `posts`[0m
  Rendered posts/index.html.erb within layouts/application (5.7ms)
Completed 200 OK in 85ms (Views: 78.5ms | ActiveRecord: 1.3ms)


Started GET "/posts/new" for ::1 at 2021-12-23 08:18:57 +0630
Processing by PostsController#new as HTML
  Rendering posts/new.html.erb within layouts/application
  Rendered posts/_form.html.erb (1.9ms)
  Rendered posts/new.html.erb within layouts/application (5.5ms)
Completed 200 OK in 69ms (Views: 64.6ms | ActiveRecord: 0.0ms)


Started POST "/posts" for ::1 at 2021-12-23 08:18:58 +0630
Processing by PostsController#create as HTML
  Parameters: {"utf8"=>"✓", "authenticity_token"=>"EjD+IJ6GyVfirOX/c9M7KyjIdR/t59jjp8RESl8c05fTC2cJ71z/EBtlDc8DtaIW0XOlpE+akRvleQY7Nz1qhw==", "commit"=>"Create Post"}
  [1m[35m (0.4ms)[0m  [1m[35mBEGIN[0m
  [1m[35mSQL (20.0ms)[0m  [1m[32mINSERT INTO `posts` (`created_at`, `updated_at`) VALUES ('2021-12-23 01:48:58', '2021-12-23 01:48:58')[0m
  [1m[35m (299.2ms)[0m  [1m[35mCOMMIT[0m
Redirected to http://localhost:3000/posts/5
Completed 302 Found in 327ms (ActiveRecord: 319.5ms)


Started GET "/posts/5" for ::1 at 2021-12-23 08:18:59 +0630
Processing by PostsController#show as HTML
  Parameters: {"id"=>"5"}
  [1m[36mPost Load (1.2ms)[0m  [1m[34mSELECT  `posts`.* FROM `posts` WHERE `posts`.`id` = 5 LIMIT 1[0m
  Rendering posts/show.html.erb within layouts/application
  Rendered posts/show.html.erb within layouts/application (2.2ms)
Completed 200 OK in 118ms (Views: 107.9ms | ActiveRecord: 1.2ms)


Started GET "/posts" for ::1 at 2021-12-23 08:19:05 +0630
Processing by PostsController#index as HTML
  Rendering posts/index.html.erb within layouts/application
  [1m[36mPost Load (0.6ms)[0m  [1m[34mSELECT `posts`.* FROM `posts`[0m
  Rendered posts/index.html.erb within layouts/application (4.3ms)
Completed 200 OK in 60ms (Views: 55.8ms | ActiveRecord: 0.6ms)


Started GET "/posts/3" for ::1 at 2021-12-23 08:19:07 +0630
Processing by PostsController#show as HTML
  Parameters: {"id"=>"3"}
  [1m[36mPost Load (0.6ms)[0m  [1m[34mSELECT  `posts`.* FROM `posts` WHERE `posts`.`id` = 3 LIMIT 1[0m
  Rendering posts/show.html.erb within layouts/application
  Rendered posts/show.html.erb within layouts/application (1.5ms)
Completed 200 OK in 84ms (Views: 79.0ms | ActiveRecord: 0.6ms)


